[debug] [2020-06-15T11:22:43.095Z] ----------------------------------------------------------------------
[debug] [2020-06-15T11:22:43.097Z] Command:       /Users/scorpion/.nvm/versions/node/v12.13.1/bin/node /Users/scorpion/.nvm/versions/node/v12.13.1/bin/firebase deploy
[debug] [2020-06-15T11:22:43.098Z] CLI Version:   8.4.1
[debug] [2020-06-15T11:22:43.098Z] Platform:      darwin
[debug] [2020-06-15T11:22:43.098Z] Node Version:  v12.13.1
[debug] [2020-06-15T11:22:43.099Z] Time:          Mon Jun 15 2020 16:52:43 GMT+0530 (India Standard Time)
[debug] [2020-06-15T11:22:43.099Z] ----------------------------------------------------------------------
[debug] [2020-06-15T11:22:43.099Z] 
[debug] [2020-06-15T11:22:43.109Z] > command requires scopes: ["email","openid","https://www.googleapis.com/auth/cloudplatformprojects.readonly","https://www.googleapis.com/auth/firebase","https://www.googleapis.com/auth/cloud-platform"]
[debug] [2020-06-15T11:22:43.110Z] > authorizing via signed-in user
[debug] [2020-06-15T11:22:43.111Z] [iam] checking project ppl-trialquant for permissions ["firebase.projects.get","firebasehosting.sites.update"]
[debug] [2020-06-15T11:22:43.113Z] >>> HTTP REQUEST POST https://cloudresourcemanager.googleapis.com/v1/projects/ppl-trialquant:testIamPermissions  
 {"permissions":["firebase.projects.get","firebasehosting.sites.update"]}
[debug] [2020-06-15T11:22:45.032Z] <<< HTTP RESPONSE 200 {"content-type":"application/json; charset=UTF-8","vary":"X-Origin, Referer, Origin,Accept-Encoding","date":"Mon, 15 Jun 2020 11:22:44 GMT","server":"ESF","cache-control":"private","x-xss-protection":"0","x-frame-options":"SAMEORIGIN","x-content-type-options":"nosniff","server-timing":"gfet4t7; dur=1298","alt-svc":"h3-27=\":443\"; ma=2592000,h3-25=\":443\"; ma=2592000,h3-T050=\":443\"; ma=2592000,h3-Q050=\":443\"; ma=2592000,h3-Q049=\":443\"; ma=2592000,h3-Q048=\":443\"; ma=2592000,h3-Q046=\":443\"; ma=2592000,h3-Q043=\":443\"; ma=2592000,quic=\":443\"; ma=2592000; v=\"46,43\"","accept-ranges":"none","transfer-encoding":"chunked"}
[debug] [2020-06-15T11:22:45.034Z] >>> HTTP REQUEST GET https://firebase.googleapis.com/v1beta1/projects/ppl-trialquant  
 
[debug] [2020-06-15T11:22:45.729Z] <<< HTTP RESPONSE 200 {"content-type":"application/json; charset=UTF-8","vary":"X-Origin, Referer, Origin,Accept-Encoding","date":"Mon, 15 Jun 2020 11:22:45 GMT","server":"ESF","cache-control":"private","x-xss-protection":"0","x-frame-options":"SAMEORIGIN","x-content-type-options":"nosniff","alt-svc":"h3-27=\":443\"; ma=2592000,h3-25=\":443\"; ma=2592000,h3-T050=\":443\"; ma=2592000,h3-Q050=\":443\"; ma=2592000,h3-Q049=\":443\"; ma=2592000,h3-Q048=\":443\"; ma=2592000,h3-Q046=\":443\"; ma=2592000,h3-Q043=\":443\"; ma=2592000,quic=\":443\"; ma=2592000; v=\"46,43\"","accept-ranges":"none","transfer-encoding":"chunked"}
[info] 
[info] === Deploying to 'ppl-trialquant'...
[info] 
[info] i  deploying hosting 
[debug] [2020-06-15T11:22:45.733Z] >>> HTTP REQUEST POST https://firebasehosting.googleapis.com/v1beta1/sites/ppl-trialquant/versions  
 {"config":{"rewrites":[{"glob":"**","path":"/index.html"}]},"labels":{"deployment-tool":"cli-firebase"}}
[debug] [2020-06-15T11:22:48.276Z] <<< HTTP RESPONSE 200 {"content-type":"application/json; charset=UTF-8","vary":"X-Origin, Referer, Origin,Accept-Encoding","date":"Mon, 15 Jun 2020 11:22:48 GMT","server":"ESF","cache-control":"private","x-xss-protection":"0","x-frame-options":"SAMEORIGIN","x-content-type-options":"nosniff","alt-svc":"h3-27=\":443\"; ma=2592000,h3-25=\":443\"; ma=2592000,h3-T050=\":443\"; ma=2592000,h3-Q050=\":443\"; ma=2592000,h3-Q049=\":443\"; ma=2592000,h3-Q048=\":443\"; ma=2592000,h3-Q046=\":443\"; ma=2592000,h3-Q043=\":443\"; ma=2592000,quic=\":443\"; ma=2592000; v=\"46,43\"","accept-ranges":"none","transfer-encoding":"chunked"}
[info] i  hosting[ppl-trialquant]: beginning deploy... 
[info] i  hosting[ppl-trialquant]: found 1600 files in dist 
[debug] [2020-06-15T11:22:49.117Z] >>> HTTP REQUEST POST https://firebasehosting.googleapis.com/v1beta1/sites/ppl-trialquant/versions/e59127a6e191282b:populateFiles  
 <request body omitted>
[debug] [2020-06-15T11:22:49.331Z] [hosting] hash cache [ZGlzdA] stored for 1600 files
[debug] [2020-06-15T11:22:49.331Z] [hosting][hash queue][FINAL] {"max":398,"min":11,"avg":28.061874999999965,"active":0,"complete":1600,"success":1600,"errored":0,"retried":0,"total":1600,"elapsed":915}
[debug] [2020-06-15T11:22:49.332Z] >>> HTTP REQUEST POST https://firebasehosting.googleapis.com/v1beta1/sites/ppl-trialquant/versions/e59127a6e191282b:populateFiles  
 <request body omitted>
[debug] [2020-06-15T11:22:52.742Z] <<< HTTP RESPONSE 200 {"content-type":"application/json; charset=UTF-8","vary":"X-Origin, Referer, Origin,Accept-Encoding","date":"Mon, 15 Jun 2020 11:22:52 GMT","server":"ESF","cache-control":"private","x-xss-protection":"0","x-frame-options":"SAMEORIGIN","x-content-type-options":"nosniff","alt-svc":"h3-27=\":443\"; ma=2592000,h3-25=\":443\"; ma=2592000,h3-T050=\":443\"; ma=2592000,h3-Q050=\":443\"; ma=2592000,h3-Q049=\":443\"; ma=2592000,h3-Q048=\":443\"; ma=2592000,h3-Q046=\":443\"; ma=2592000,h3-Q043=\":443\"; ma=2592000,quic=\":443\"; ma=2592000; v=\"46,43\"","accept-ranges":"none","transfer-encoding":"chunked"}
[debug] [2020-06-15T11:22:52.825Z] <<< HTTP RESPONSE 200 {"content-type":"application/json; charset=UTF-8","vary":"X-Origin, Referer, Origin,Accept-Encoding","date":"Mon, 15 Jun 2020 11:22:52 GMT","server":"ESF","cache-control":"private","x-xss-protection":"0","x-frame-options":"SAMEORIGIN","x-content-type-options":"nosniff","alt-svc":"h3-27=\":443\"; ma=2592000,h3-25=\":443\"; ma=2592000,h3-T050=\":443\"; ma=2592000,h3-Q050=\":443\"; ma=2592000,h3-Q049=\":443\"; ma=2592000,h3-Q048=\":443\"; ma=2592000,h3-Q046=\":443\"; ma=2592000,h3-Q043=\":443\"; ma=2592000,quic=\":443\"; ma=2592000; v=\"46,43\"","accept-ranges":"none","transfer-encoding":"chunked"}
[debug] [2020-06-15T11:22:52.825Z] [hosting][populate queue][FINAL] {"max":3629,"min":3497,"avg":3563,"active":0,"complete":2,"success":2,"errored":0,"retried":0,"total":2,"elapsed":3709}
[debug] [2020-06-15T11:22:52.826Z] [hosting] uploads queued: 20
